Execution of qq.py started

Reading input file qb.in...

Begin of calculation...
Simulation of qubit system
****************************************

Calculation started at : 2024-12-28 20:03:13.233422
****************************************

Input parameters : 

P   = 2
t_i = 0.0
t_f = 1e-06
N   = 1000000
S   = 20
n   = ((1+0j),0j)
w_r = (775000000000+0j) , (8930000+0j) , (3.86e-05+0j) , (40900000+0j)
w_l = 122000000000.0
w   = 1.22e+11
F   = 1
****************************************

Calculation completed successfully at : 2024-12-28 20:03:26.923205

Elapsed time for main process : 13.6896400452 s 

Reults written on 'q_qb.txt'
