Execution of qq.py started

Reading input file qq.in...

Begin of calculation...
Simulation of qubit system
****************************************

Calculation started at : 2025-01-12 20:22:22.383715
****************************************

Input parameters : 

P   = 4
t_i = 0.0
t_f = 1e-06
N   = 1000000
S   = 20
n   = ((1+0j),0j)
w_r = (775475000000+0j) , (8931278.5+0j) , (695066510+0j) , (1335110300+0j) , 
(8931278.5+0j) , (775393220000+0j) , (1279178300+0j) , (177148990+0j) ,  
 (695066510+0j) , (1279178300+0j) , (776957340000+0j) , (123066110+0j) , 
(1335110300+0j) , (177148990+0j) , (123066110+0j) , (776907730000+0j)
w_l = 42.4688 , 42.54951 , 46.16936 , 46.24698
w   = 1.2262e+11
F   = 1
****************************************

Calculation completed successfully at : 2025-01-12 20:22:46.376276

Elapsed time for main process : 23.9923808575 s 

Reults written on 'psi_qq.txt'
